# JRE version: OpenJDK Runtime Environment Temurin-21.0.7+6 (21.0.7+6) (build 21.0.7+6-LTS)
# Java VM: OpenJDK 64-Bit Server VM Temurin-21.0.7+6 (21.0.7+6-LTS, mixed mode, sharing, tiered, compressed oops, compressed class ptrs, parallel gc, windows-amd64)
GC Precious Log:
 CardTable entry size: 512
 CPUs: 8 total, 8 available
 Memory: 6019M
 Large Page Support: Disabled
 NUMA Support: Disabled
 Compressed Oops: Enabled (32-bit)
 Alignments: Space 512K, Generation 512K, Heap 2M
 Heap Min Capacity: 100M
 Heap Initial Capacity: 100M
 Heap Max Capacity: 1G
 Pre-touch: Disabled
 Parallel Workers: 8
Heap:
 PSYoungGen      total 2560K, used 2432K [0x00000000eab00000, 0x00000000eaf80000, 0x0000000100000000)
  eden space 2048K, 100% used [0x00000000eab00000,0x00000000ead00000,0x00000000ead00000)
  from space 512K, 75% used [0x00000000eaf00000,0x00000000eaf60000,0x00000000eaf80000)
  to   space 1024K, 0% used [0x00000000ead80000,0x00000000ead80000,0x00000000eae80000)
 ParOldGen       total 698368K, used 698190K [0x00000000c0000000, 0x00000000eaa00000, 0x00000000eab00000)
  object space 698368K, 99% used [0x00000000c0000000,0x00000000ea9d3808,0x00000000eaa00000)
 Metaspace       used 86029K, committed 87488K, reserved 1179648K
  class space    used 8356K, committed 9088K, reserved 1048576K
GC Heap History (20 events):
Event: 13120.407 GC heap after
{Heap after GC invocations=5318 (full 9):
 PSYoungGen      total 3584K, used 384K [0x00000000eab00000, 0x00000000eb100000, 0x0000000100000000)
  eden space 2560K, 0% used [0x00000000eab00000,0x00000000eab00000,0x00000000ead80000)
  from space 1024K, 37% used [0x00000000eaf00000,0x00000000eaf60000,0x00000000eb000000)
  to   space 512K, 0% used [0x00000000eb080000,0x00000000eb080000,0x00000000eb100000)
 ParOldGen       total 687104K, used 686860K [0x00000000c0000000, 0x00000000e9f00000, 0x00000000eab00000)
  object space 687104K, 99% used [0x00000000c0000000,0x00000000e9ec3060,0x00000000e9f00000)
 Metaspace       used 85979K, committed 87488K, reserved 1179648K
  class space    used 8349K, committed 9088K, reserved 1048576K
}
Event: 13120.725 GC heap before
{Heap before GC invocations=5319 (full 9):
 PSYoungGen      total 3584K, used 2944K [0x00000000eab00000, 0x00000000eb100000, 0x0000000100000000)
  eden space 2560K, 100% used [0x00000000eab00000,0x00000000ead80000,0x00000000ead80000)
  from space 1024K, 37% used [0x00000000eaf00000,0x00000000eaf60000,0x00000000eb000000)
  to   space 512K, 0% used [0x00000000eb080000,0x00000000eb080000,0x00000000eb100000)
 ParOldGen       total 687104K, used 686860K [0x00000000c0000000, 0x00000000e9f00000, 0x00000000eab00000)
  object space 687104K, 99% used [0x00000000c0000000,0x00000000e9ec3060,0x00000000e9f00000)
 Metaspace       used 85979K, committed 87488K, reserved 1179648K
  class space    used 8349K, committed 9088K, reserved 1048576K
}
Event: 13120.732 GC heap after
{Heap after GC invocations=5319 (full 9):
 PSYoungGen      total 3072K, used 160K [0x00000000eab00000, 0x00000000eb100000, 0x0000000100000000)
  eden space 2560K, 0% used [0x00000000eab00000,0x00000000eab00000,0x00000000ead80000)
  from space 512K, 31% used [0x00000000eb080000,0x00000000eb0a8000,0x00000000eb100000)
  to   space 512K, 0% used [0x00000000eb000000,0x00000000eb000000,0x00000000eb080000)
 ParOldGen       total 687104K, used 686908K [0x00000000c0000000, 0x00000000e9f00000, 0x00000000eab00000)
  object space 687104K, 99% used [0x00000000c0000000,0x00000000e9ecf060,0x00000000e9f00000)
 Metaspace       used 85979K, committed 87488K, reserved 1179648K
  class space    used 8349K, committed 9088K, reserved 1048576K
}
Event: 13120.983 GC heap before
{Heap before GC invocations=5320 (full 9):
 PSYoungGen      total 3072K, used 2720K [0x00000000eab00000, 0x00000000eb100000, 0x0000000100000000)
  eden space 2560K, 100% used [0x00000000eab00000,0x00000000ead80000,0x00000000ead80000)
  from space 512K, 31% used [0x00000000eb080000,0x00000000eb0a8000,0x00000000eb100000)
  to   space 512K, 0% used [0x00000000eb000000,0x00000000eb000000,0x00000000eb080000)
 ParOldGen       total 687104K, used 686908K [0x00000000c0000000, 0x00000000e9f00000, 0x00000000eab00000)
  object space 687104K, 99% used [0x00000000c0000000,0x00000000e9ecf060,0x00000000e9f00000)
 Metaspace       used 85979K, committed 87488K, reserved 1179648K
  class space    used 8349K, committed 9088K, reserved 1048576K
}
Event: 13120.991 GC heap after
{Heap after GC invocations=5320 (full 9):
 PSYoungGen      total 3072K, used 499K [0x00000000eab00000, 0x00000000eb100000, 0x0000000100000000)
  eden space 2560K, 0% used [0x00000000eab00000,0x00000000eab00000,0x00000000ead80000)
  from space 512K, 97% used [0x00000000eb000000,0x00000000eb07ce10,0x00000000eb080000)
  to   space 512K, 0% used [0x00000000eb080000,0x00000000eb080000,0x00000000eb100000)
 ParOldGen       total 687616K, used 687191K [0x00000000c0000000, 0x00000000e9f80000, 0x00000000eab00000)
  object space 687616K, 99% used [0x00000000c0000000,0x00000000e9f15e70,0x00000000e9f80000)
 Metaspace       used 85979K, committed 87488K, reserved 1179648K
  class space    used 8349K, committed 9088K, reserved 1048576K
}
Event: 13121.017 GC heap before
{Heap before GC invocations=5321 (full 9):
 PSYoungGen      total 3072K, used 3059K [0x00000000eab00000, 0x00000000eb100000, 0x0000000100000000)
  eden space 2560K, 100% used [0x00000000eab00000,0x00000000ead80000,0x00000000ead80000)
  from space 512K, 97% used [0x00000000eb000000,0x00000000eb07ce10,0x00000000eb080000)
  to   space 512K, 0% used [0x00000000eb080000,0x00000000eb080000,0x00000000eb100000)
 ParOldGen       total 687616K, used 687191K [0x00000000c0000000, 0x00000000e9f80000, 0x00000000eab00000)
  object space 687616K, 99% used [0x00000000c0000000,0x00000000e9f15e70,0x00000000e9f80000)
 Metaspace       used 85979K, committed 87488K, reserved 1179648K
  class space    used 8349K, committed 9088K, reserved 1048576K
}
Event: 13121.026 GC heap after
{Heap after GC invocations=5321 (full 9):
 PSYoungGen      total 2560K, used 512K [0x00000000eab00000, 0x00000000eb480000, 0x0000000100000000)
  eden space 2048K, 0% used [0x00000000eab00000,0x00000000eab00000,0x00000000ead00000)
  from space 512K, 100% used [0x00000000eb080000,0x00000000eb100000,0x00000000eb100000)
  to   space 3584K, 0% used [0x00000000ead00000,0x00000000ead00000,0x00000000eb080000)
 ParOldGen       total 689664K, used 689563K [0x00000000c0000000, 0x00000000ea180000, 0x00000000eab00000)
  object space 689664K, 99% used [0x00000000c0000000,0x00000000ea166c90,0x00000000ea180000)
 Metaspace       used 85979K, committed 87488K, reserved 1179648K
  class space    used 8349K, committed 9088K, reserved 1048576K
}
Event: 13121.039 GC heap before
{Heap before GC invocations=5322 (full 9):
 PSYoungGen      total 2560K, used 2560K [0x00000000eab00000, 0x00000000eb480000, 0x0000000100000000)
  eden space 2048K, 100% used [0x00000000eab00000,0x00000000ead00000,0x00000000ead00000)
  from space 512K, 100% used [0x00000000eb080000,0x00000000eb100000,0x00000000eb100000)
  to   space 3584K, 0% used [0x00000000ead00000,0x00000000ead00000,0x00000000eb080000)
 ParOldGen       total 689664K, used 689563K [0x00000000c0000000, 0x00000000ea180000, 0x00000000eab00000)
  object space 689664K, 99% used [0x00000000c0000000,0x00000000ea166c90,0x00000000ea180000)
 Metaspace       used 85979K, committed 87488K, reserved 1179648K
  class space    used 8349K, committed 9088K, reserved 1048576K
}
Event: 13121.045 GC heap after
{Heap after GC invocations=5322 (full 9):
 PSYoungGen      total 3584K, used 1536K [0x00000000eab00000, 0x00000000eb100000, 0x0000000100000000)
  eden space 2048K, 0% used [0x00000000eab00000,0x00000000eab00000,0x00000000ead00000)
  from space 1536K, 100% used [0x00000000ead00000,0x00000000eae80000,0x00000000eae80000)
  to   space 2048K, 0% used [0x00000000eaf00000,0x00000000eaf00000,0x00000000eb100000)
 ParOldGen       total 690176K, used 690123K [0x00000000c0000000, 0x00000000ea200000, 0x00000000eab00000)
  object space 690176K, 99% used [0x00000000c0000000,0x00000000ea1f2c90,0x00000000ea200000)
 Metaspace       used 85979K, committed 87488K, reserved 1179648K
  class space    used 8349K, committed 9088K, reserved 1048576K
}
Event: 13121.063 GC heap before
{Heap before GC invocations=5323 (full 9):
 PSYoungGen      total 3584K, used 3448K [0x00000000eab00000, 0x00000000eb100000, 0x0000000100000000)
  eden space 2048K, 93% used [0x00000000eab00000,0x00000000eacde1d8,0x00000000ead00000)
  from space 1536K, 100% used [0x00000000ead00000,0x00000000eae80000,0x00000000eae80000)
  to   space 2048K, 0% used [0x00000000eaf00000,0x00000000eaf00000,0x00000000eb100000)
 ParOldGen       total 690176K, used 690123K [0x00000000c0000000, 0x00000000ea200000, 0x00000000eab00000)
  object space 690176K, 99% used [0x00000000c0000000,0x00000000ea1f2c90,0x00000000ea200000)
 Metaspace       used 85979K, committed 87488K, reserved 1179648K
  class space    used 8349K, committed 9088K, reserved 1048576K
}
Event: 13121.074 GC heap after
{Heap after GC invocations=5323 (full 9):
 PSYoungGen      total 4096K, used 1776K [0x00000000eab00000, 0x00000000eb180000, 0x0000000100000000)
  eden space 2048K, 0% used [0x00000000eab00000,0x00000000eab00000,0x00000000ead00000)
  from space 2048K, 86% used [0x00000000eaf00000,0x00000000eb0bc000,0x00000000eb100000)
  to   space 2048K, 0% used [0x00000000ead00000,0x00000000ead00000,0x00000000eaf00000)
 ParOldGen       total 691712K, used 691555K [0x00000000c0000000, 0x00000000ea380000, 0x00000000eab00000)
  object space 691712K, 99% used [0x00000000c0000000,0x00000000ea358ca0,0x00000000ea380000)
 Metaspace       used 85979K, committed 87488K, reserved 1179648K
  class space    used 8349K, committed 9088K, reserved 1048576K
}
Event: 13121.143 GC heap before
{Heap before GC invocations=5324 (full 9):
 PSYoungGen      total 4096K, used 3824K [0x00000000eab00000, 0x00000000eb180000, 0x0000000100000000)
  eden space 2048K, 100% used [0x00000000eab00000,0x00000000ead00000,0x00000000ead00000)
  from space 2048K, 86% used [0x00000000eaf00000,0x00000000eb0bc000,0x00000000eb100000)
  to   space 2048K, 0% used [0x00000000ead00000,0x00000000ead00000,0x00000000eaf00000)
 ParOldGen       total 691712K, used 691556K [0x00000000c0000000, 0x00000000ea380000, 0x00000000eab00000)
  object space 691712K, 99% used [0x00000000c0000000,0x00000000ea359068,0x00000000ea380000)
 Metaspace       used 85980K, committed 87488K, reserved 1179648K
  class space    used 8349K, committed 9088K, reserved 1048576K
}
Event: 13121.151 GC heap after
{Heap after GC invocations=5324 (full 9):
 PSYoungGen      total 4096K, used 1958K [0x00000000eab00000, 0x00000000eb180000, 0x0000000100000000)
  eden space 2048K, 0% used [0x00000000eab00000,0x00000000eab00000,0x00000000ead00000)
  from space 2048K, 95% used [0x00000000ead00000,0x00000000eaee99e0,0x00000000eaf00000)
  to   space 2048K, 0% used [0x00000000eaf80000,0x00000000eaf80000,0x00000000eb180000)
 ParOldGen       total 693248K, used 692900K [0x00000000c0000000, 0x00000000ea500000, 0x00000000eab00000)
  object space 693248K, 99% used [0x00000000c0000000,0x00000000ea4a9068,0x00000000ea500000)
 Metaspace       used 85980K, committed 87488K, reserved 1179648K
  class space    used 8349K, committed 9088K, reserved 1048576K
}
Event: 13121.163 GC heap before
{Heap before GC invocations=5325 (full 9):
 PSYoungGen      total 4096K, used 4006K [0x00000000eab00000, 0x00000000eb180000, 0x0000000100000000)
  eden space 2048K, 100% used [0x00000000eab00000,0x00000000ead00000,0x00000000ead00000)
  from space 2048K, 95% used [0x00000000ead00000,0x00000000eaee99e0,0x00000000eaf00000)
  to   space 2048K, 0% used [0x00000000eaf80000,0x00000000eaf80000,0x00000000eb180000)
 ParOldGen       total 693248K, used 692903K [0x00000000c0000000, 0x00000000ea500000, 0x00000000eab00000)
  object space 693248K, 99% used [0x00000000c0000000,0x00000000ea4a9e18,0x00000000ea500000)
 Metaspace       used 85984K, committed 87488K, reserved 1179648K
  class space    used 8349K, committed 9088K, reserved 1048576K
}
Event: 13121.171 GC heap after
{Heap after GC invocations=5325 (full 9):
 PSYoungGen      total 4096K, used 2048K [0x00000000eab00000, 0x00000000eb280000, 0x0000000100000000)
  eden space 2048K, 0% used [0x00000000eab00000,0x00000000eab00000,0x00000000ead00000)
  from space 2048K, 100% used [0x00000000eaf80000,0x00000000eb180000,0x00000000eb180000)
  to   space 2560K, 0% used [0x00000000ead00000,0x00000000ead00000,0x00000000eaf80000)
 ParOldGen       total 694784K, used 694750K [0x00000000c0000000, 0x00000000ea680000, 0x00000000eab00000)
  object space 694784K, 99% used [0x00000000c0000000,0x00000000ea677808,0x00000000ea680000)
 Metaspace       used 85984K, committed 87488K, reserved 1179648K
  class space    used 8349K, committed 9088K, reserved 1048576K
}
Event: 13121.243 GC heap before
{Heap before GC invocations=5326 (full 9):
 PSYoungGen      total 4096K, used 4095K [0x00000000eab00000, 0x00000000eb280000, 0x0000000100000000)
  eden space 2048K, 99% used [0x00000000eab00000,0x00000000eacffff8,0x00000000ead00000)
  from space 2048K, 100% used [0x00000000eaf80000,0x00000000eb180000,0x00000000eb180000)
  to   space 2560K, 0% used [0x00000000ead00000,0x00000000ead00000,0x00000000eaf80000)
 ParOldGen       total 694784K, used 694750K [0x00000000c0000000, 0x00000000ea680000, 0x00000000eab00000)
  object space 694784K, 99% used [0x00000000c0000000,0x00000000ea677808,0x00000000ea680000)
 Metaspace       used 86010K, committed 87488K, reserved 1179648K
  class space    used 8352K, committed 9088K, reserved 1048576K
}
Event: 13121.250 GC heap after
{Heap after GC invocations=5326 (full 9):
 PSYoungGen      total 4096K, used 1552K [0x00000000eab00000, 0x00000000eb100000, 0x0000000100000000)
  eden space 2048K, 0% used [0x00000000eab00000,0x00000000eab00000,0x00000000ead00000)
  from space 2048K, 75% used [0x00000000ead00000,0x00000000eae84000,0x00000000eaf00000)
  to   space 2048K, 0% used [0x00000000eaf00000,0x00000000eaf00000,0x00000000eb100000)
 ParOldGen       total 696832K, used 696726K [0x00000000c0000000, 0x00000000ea880000, 0x00000000eab00000)
  object space 696832K, 99% used [0x00000000c0000000,0x00000000ea865808,0x00000000ea880000)
 Metaspace       used 86010K, committed 87488K, reserved 1179648K
  class space    used 8352K, committed 9088K, reserved 1048576K
}
Event: 13121.625 GC heap before
{Heap before GC invocations=5327 (full 9):
 PSYoungGen      total 4096K, used 3600K [0x00000000eab00000, 0x00000000eb100000, 0x0000000100000000)
  eden space 2048K, 100% used [0x00000000eab00000,0x00000000ead00000,0x00000000ead00000)
  from space 2048K, 75% used [0x00000000ead00000,0x00000000eae84000,0x00000000eaf00000)
  to   space 2048K, 0% used [0x00000000eaf00000,0x00000000eaf00000,0x00000000eb100000)
 ParOldGen       total 696832K, used 696726K [0x00000000c0000000, 0x00000000ea880000, 0x00000000eab00000)
  object space 696832K, 99% used [0x00000000c0000000,0x00000000ea865808,0x00000000ea880000)
 Metaspace       used 86025K, committed 87488K, reserved 1179648K
  class space    used 8355K, committed 9088K, reserved 1048576K
}
Event: 13121.635 GC heap after
{Heap after GC invocations=5327 (full 9):
 PSYoungGen      total 2560K, used 384K [0x00000000eab00000, 0x00000000eaf80000, 0x0000000100000000)
  eden space 2048K, 0% used [0x00000000eab00000,0x00000000eab00000,0x00000000ead00000)
  from space 512K, 75% used [0x00000000eaf00000,0x00000000eaf60000,0x00000000eaf80000)
  to   space 1024K, 0% used [0x00000000ead80000,0x00000000ead80000,0x00000000eae80000)
 ParOldGen       total 698368K, used 698190K [0x00000000c0000000, 0x00000000eaa00000, 0x00000000eab00000)
  object space 698368K, 99% used [0x00000000c0000000,0x00000000ea9d3808,0x00000000eaa00000)
 Metaspace       used 86025K, committed 87488K, reserved 1179648K
  class space    used 8355K, committed 9088K, reserved 1048576K
}
Event: 13121.742 GC heap before
{Heap before GC invocations=5328 (full 10):
 PSYoungGen      total 2560K, used 2432K [0x00000000eab00000, 0x00000000eaf80000, 0x0000000100000000)
  eden space 2048K, 100% used [0x00000000eab00000,0x00000000ead00000,0x00000000ead00000)
  from space 512K, 75% used [0x00000000eaf00000,0x00000000eaf60000,0x00000000eaf80000)
  to   space 1024K, 0% used [0x00000000ead80000,0x00000000ead80000,0x00000000eae80000)
 ParOldGen       total 698368K, used 698190K [0x00000000c0000000, 0x00000000eaa00000, 0x00000000eab00000)
  object space 698368K, 99% used [0x00000000c0000000,0x00000000ea9d3808,0x00000000eaa00000)
 Metaspace       used 86029K, committed 87488K, reserved 1179648K
  class space    used 8356K, committed 9088K, reserved 1048576K
}

